
> frontend@1.0.0 dev
> vite --host 127.0.0.1


  [32m[1mVITE[22m v5.4.21[39m  [2mready in [0m[1m911[22m[2m[0m ms[22m

  [32m➜[39m  [1mLocal[22m:   [36mhttp://127.0.0.1:[1m5173[22m/[39m
[2m12:31:43 pm[22m [36m[1m[vite][22m[39m [32mhmr update [39m[2m/src/index.css, /src/pages/Admin.jsx[22m
[2m12:31:45 pm[22m [36m[1m[vite][22m[39m [32mhmr update [39m[2m/src/index.css, /src/pages/Admin.jsx[22m
[2m12:31:45 pm[22m [36m[1m[vite][22m[39m [32mhmr update [39m[2m/src/index.css, /src/pages/Admin.jsx[22m
[2m12:31:45 pm[22m [36m[1m[vite][22m[39m [32mhmr update [39m[2m/src/index.css, /src/pages/Admin.jsx[22m
[2m12:31:46 pm[22m [36m[1m[vite][22m[39m [32mhmr update [39m[2m/src/index.css, /src/pages/Admin.jsx[22m
[2m12:35:54 pm[22m [36m[1m[vite][22m[39m [32mhmr update [39m[2m/src/pages/History.jsx, /src/index.css[22m
[2m12:36:56 pm[22m [36m[1m[vite][22m[39m [32mpage reload [39m[2msrc/main.jsx[22m
[2m12:37:10 pm[22m [36m[1m[vite][22m[39m [32mpage reload [39m[2msrc/main.jsx[22m
[2m12:37:11 pm[22m [36m[1m[vite][22m[39m [32mpage reload [39m[2msrc/main.jsx[22m
[2m12:37:11 pm[22m [36m[1m[vite][22m[39m [32mpage reload [39m[2msrc/main.jsx[22m
[2m12:37:11 pm[22m [36m[1m[vite][22m[39m [32mpage reload [39m[2msrc/main.jsx[22m
[2m12:39:38 pm[22m [36m[1m[vite][22m[39m [32mhmr update [39m[2m/src/pages/History.jsx, /src/index.css[22m
[2m1:05:41 pm[22m [36m[1m[vite][22m[39m [32mpage reload [39m[2msrc/main.jsx[22m
[2m1:05:41 pm[22m [36m[1m[vite][22m[39m [32mpage reload [39m[2msrc/main.jsx[22m
[2m1:05:41 pm[22m [36m[1m[vite][22m[39m [32mpage reload [39m[2msrc/main.jsx[22m
[2m1:08:13 pm[22m [36m[1m[vite][22m[39m [32mhmr update [39m[2m/src/pages/History.jsx, /src/index.css[22m
[2m1:08:28 pm[22m [36m[1m[vite][22m[39m [32mpage reload [39m[2msrc/main.jsx[22m
[2m1:11:18 pm[22m [36m[1m[vite][22m[39m [32mhmr update [39m[2m/src/index.css, /src/pages/History.jsx, /src/pages/Dashboard.jsx, /src/pages/CompleteProfile.jsx, /src/pages/Analytics.jsx, /src/pages/PublicProfile.jsx, /src/pages/Profile.jsx[22m
[2m1:11:42 pm[22m [36m[1m[vite][22m[39m [32mhmr update [39m[2m/src/pages/History.jsx, /src/index.css[22m
[2m1:14:49 pm[22m [36m[1m[vite][22m[39m [32mhmr update [39m[2m/src/pages/History.jsx, /src/index.css[22m
[2m1:17:12 pm[22m [36m[1m[vite][22m[39m [32mhmr update [39m[2m/src/index.css, /src/pages/History.jsx, /src/pages/Dashboard.jsx, /src/pages/CompleteProfile.jsx, /src/pages/Analytics.jsx, /src/pages/PublicProfile.jsx, /src/pages/Profile.jsx[22m
[2m1:18:17 pm[22m [36m[1m[vite][22m[39m [32mhmr update [39m[2m/src/pages/History.jsx, /src/index.css[22m
[2m1:18:25 pm[22m [36m[1m[vite][22m[39m [32mhmr update [39m[2m/src/pages/History.jsx, /src/index.css[22m
